MPASM 5.87                     APOYO_P02.ASM   9-25-2023  6:28:01         PAGE  1


LOC  OBJECT CODE     LINE SOURCE TEXT
  VALUE

Warning[207]: Found label after column 1. (DATO1)
  00000020            00001                     DATO1               EQU     0X20
Warning[207]: Found label after column 1. (DATO2)
  00000021            00002                     DATO2               EQU     0X21
Warning[207]: Found label after column 1. (DATO3)
  00000022            00003                     DATO3               EQU     0X22
Warning[207]: Found label after column 1. (LUZ)
  00000023            00004                     LUZ                 EQU     0X23
                      00005 
                      00006                     ;INCLUDE     <C:\Users\joema\Escritorio\Micros\Practica 2\HEAD.ASM>; BANCO 1
                      00007                     INCLUDE     <C:\Users\ACER\Documents\1. UPIITA\5° Semestre\Microprocesadores\PRÁCTIC
                            AS\PRACTICA02\HEAD.INC>
                      00001                                 ;INCLUDE                <C:\Users\joema\Escritorio\Micros\Practica 2\MAC
                            ROS.ASM>
                      00002                                 INCLUDE     <C:\Users\ACER\Documents\1. UPIITA\5° Semestre\Microprocesad
                            ores\PRÁCTICAS\PRACTICA02\MACROS.INC>
                      00001 ;_________________SUB-RUTINA DE TIEMPO 1 VARIABLE______________________________________________
                      00002 SUBT1V                  MACRO           VAR1
                      00003                         MOVLW           VAR1
                      00004                         MOVWF           0X60
                      00005                         CALL            ST1V
                      00006                         ENDM
                      00007 ;_________________SUB-RUTINA DE TIEMPO 1 VARIABLE______________________________________________
                      00008 
                      00009 ;_________________SUB-RUTINA DE TIEMPO 2 VARIABLES_____________________________________________
                      00010 SUBT2V                  MACRO           VAR1,VAR2
                      00011                         MOVLW           VAR1            
                      00012                         MOVWF           0X61
                      00013                         MOVLW           VAR2                    
                      00014                         MOVWF           0X62
                      00015                         CALL            ST2V
                      00016                         ENDM
                      00017 ;_________________SUB-RUTINA DE TIEMPO 2 VARIABLES_____________________________________________
                      00018 
                      00019 ;_________________SUB-RUTINA DE TIEMPO 3 VARIABLES_____________________________________________
                      00020 SUBT3V                  MACRO           VAR1,VAR2,VAR3
                      00021                         MOVLW           VAR1
                      00022                         MOVWF           0X64
                      00023                         MOVLW           VAR2
                      00024                         MOVWF           0X65
                      00025                         MOVLW           VAR3
                      00026                         MOVWF           0X66
                      00027                         CALL            ST3V
                      00028                         ENDM
                      00029 ;_________________SUB-RUTINA DE TIEMPO 3 VARIABLES_____________________________________________
                      00030 
                      00031 ;_________________SISMETA ANTI REBOTES_________________________________________________________
                      00032 PUSH_ANTIR              MACRO           PUERTO,PIN
                      00033                         BTFSS           PUERTO,PIN
                      00034                         GOTO            $-1
                      00035                         SUBT25MS
                      00036                         BTFSC           PUERTO,PIN
                      00037                         GOTO            $-1
MPASM 5.87                     APOYO_P02.ASM   9-25-2023  6:28:01         PAGE  2


LOC  OBJECT CODE     LINE SOURCE TEXT
  VALUE

                      00038                         SUBT25MS
                      00039                         ENDM
                      00040 ;_________________SISMETA ANTI REBOTES_________________________________________________________
                      00041 
                      00042                         
                      00043 ;_________________TEMPORIZADOR DE 25MS_________________________________________________________
                      00044 SUBT25MS                MACRO           
                      00045                         SUBT3V          .3,.47,.25
                      00046                         RETURN
                      00047                         ENDM
                      00048 ;_________________TEMPORIZADOR DE 25MS_________________________________________________________
                      00049 
                      00050 
                      00003                                 
                      00004                                 PROCESSOR   16F887
2007   23E4           00005                                 __CONFIG    0X2007,0X23E4
2008   3FFF           00006                                 __CONFIG    0X2008,0X3FFF
                      00007                                 INCLUDE     <P16F887.INC>
                      00001         LIST
                      00002 
                      00003 ;==========================================================================
                      00004 ; Build date : Jan 06 2020
                      00005 ;  MPASM PIC16F887 processor include
                      00006 ; 
                      00007 ;  (c) Copyright 1999-2020 Microchip Technology, All rights reserved
                      00008 ;==========================================================================
                      00009 
                      00810         LIST
                      00008                                 ORG         0X0000
                      00009                                                                 
0000   0185           00010                                 CLRF        PORTA
0001   0186           00011                                 CLRF        PORTB
0002   0187           00012                                 CLRF        PORTC
0003   0188           00013                                 CLRF        PORTD
0004   0189           00014                                 CLRF        PORTE
0005   01A0           00015                                 CLRF        DATO1
0006   01A1           00016                                 CLRF        DATO2
0007   01A2           00017                                 CLRF        DATO3                       
                      00018 
0008   1683           00019                                 BSF         STATUS,RP0
0009   1703           00020                                 BSF         STATUS,RP1; B3
000A   0185           00021                                 CLRF        PORTA
Message[302]: Register in operand not in bank 0.  Ensure that bank bits are correct.
000B   0188           00022                                 CLRF        ANSEL
Message[302]: Register in operand not in bank 0.  Ensure that bank bits are correct.
000C   0189           00023                                 CLRF        ANSELH
000D   1303           00024                                 BCF         STATUS,RP1
                      00025 
                      00026 
000E   300F           00008                                 MOVLW           0X0F                    ;0X0F -> W 
Message[302]: Register in operand not in bank 0.  Ensure that bank bits are correct.
000F   0086           00009                                 MOVWF           TRISB                   ;PORTB.0-3 ENTRADAS
Message[302]: Register in operand not in bank 0.  Ensure that bank bits are correct.
MPASM 5.87                     APOYO_P02.ASM   9-25-2023  6:28:01         PAGE  3


LOC  OBJECT CODE     LINE SOURCE TEXT
  VALUE

0010   0187           00010                                 CLRF            TRISC                   ;PORTC SALIDA
0011   30FF           00011                                 MOVLW           0XFF                    ;0XFF -> W
Message[302]: Register in operand not in bank 0.  Ensure that bank bits are correct.
0012   0088           00012                                 MOVWF           TRISD                   ;PORTD Entrada
0013   1283           00013                                 BCF             STATUS, RP0             ;BANCO 0
                      00014                         
                      00015                                 ;PUSH_ANTIR     PORTB, 0
0014   2???           00016                                 CALL            P_ANTIR 
0015   0808           00017                                 MOVF            PORTD,W         ;CARGAMOS DATO1
0016   00A0           00018                                 MOVWF           DATO1           
0017   0087           00019                                 MOVWF           PORTC 
                      00020                                 
                      00021                                 ;PUSH_ANTIR     PORTB, 0
0018   2???           00022                                 CALL            P_ANTIR 
0019   0808           00023                                 MOVF            PORTD,W         ;CARGAMOS DATO2
001A   00A1           00024                                 MOVWF           DATO2           
001B   0087           00025                                 MOVWF           PORTC 
                      00026                                 
                      00027                                 ;PUSH_ANTIR     PORTB, 0
001C   2???           00028                                 CALL            P_ANTIR 
001D   0808           00029                                 MOVF            PORTD,W         ;CARGAMOS DATO3
001E   00A2           00030                                 MOVWF           DATO3           
001F   0087           00031                                 MOVWF           PORTC 
                      00032                                 
                      00033                                 ;PUSH_ANTIR     PORTB, 0        
0020   2???           00034                                 CALL            P_ANTIR 
0021   30FF           00035 REPITE                          MOVLW           0XFF            ;ENCENDEMOS TODOS LOS LEDS
0022   0087           00036                                 MOVWF           PORTC
0023   1786           00037                                 BSF             PORTB, 7
0024   2???           00038                                 CALL            TIEMPOPROF
                      00039                                 
0025   0987           00040                                 COMF            PORTC, F
0026   1386           00041                                 BCF             PORTB, 7
0027   2???           00042                                 CALL            TIEMPOPROF
0028   2???           00043                                 GOTO            REPITE
                      00044                                 
                      00045 TIEMPOPROF                      SUBT3V          DATO1, DATO2, DATO3                                     
                                            
0029   3020               M                         MOVLW           DATO1
002A   00E4               M                         MOVWF           0X64
002B   3021               M                         MOVLW           DATO2
002C   00E5               M                         MOVWF           0X65
002D   3022               M                         MOVLW           DATO3
002E   00E6               M                         MOVWF           0X66
002F   2???               M                         CALL            ST3V
0030   0008           00046                                 RETURN
                      00047                 
0031   1C06           00048 P_ANTIR                         BTFSS           PORTB,0
0032   2???           00049                                 GOTO            $-1
                      00050                                 ;CALL           SUBT25MS
0033   1806           00051                                 BTFSC           PORTB, 0
0034   2???           00052                                 GOTO            $-1
                      00053                                 ;CALL           SUBT25MS
MPASM 5.87                     APOYO_P02.ASM   9-25-2023  6:28:01         PAGE  4


LOC  OBJECT CODE     LINE SOURCE TEXT
  VALUE

0035   0008           00054                                 RETURN
Warning[206]: Found call to macro in column 1. (SUBT25MS)
                      00055 SUBT25MS
                          M                         SUBT3V          .3,.47,.25
0036   3003               M                         MOVLW           .3
0037   00E4               M                         MOVWF           0X64
0038   302F               M                         MOVLW           .47
0039   00E5               M                         MOVWF           0X65
003A   3019               M                         MOVLW           .25
003B   00E6               M                         MOVWF           0X66
003C   2???               M                         CALL            ST3V
003D   0008               M                         RETURN
                      00056                                 SUBT3V          .3,.47,.25
003E   3003               M                         MOVLW           .3
003F   00E4               M                         MOVWF           0X64
0040   302F               M                         MOVLW           .47
0041   00E5               M                         MOVWF           0X65
0042   3019               M                         MOVLW           .25
0043   00E6               M                         MOVWF           0X66
0044   2???               M                         CALL            ST3V
0045   0008           00057                                 RETURN
                      00058                                 
                      00059                     INCLUDE<C:\Users\ACER\Documents\1. UPIITA\5° Semestre\Microprocesadores\PRÁCTICAS\PR
                            ACTICA02\SERIE_LEDS.INC>
0046                  00001 SERIELUZ                        
0046   0187           00002 LUCES                           CLRF            PORTC                   ;0000 0000
0047   2???           00003                                 CALL            SUBT300MS
0048   1003           00004                                 BCF             STATUS, C               ;C0-----------------------------
                            --------->FUNCIONARA???
0049   2???           00005                                 CALL            SUBT300MS
004A   0A87           00006                                 INCF            PORTC, F                ;C0-0000 0001
004B   2???           00007 CICLO1                          CALL            SUBT300MS
Message[305]: Using default destination of 1 (file).
004C   0D87           00008                                 RLF             PORTC                   ;BTFSS          STATUS, C       
                            ;C0-1000 0000
004D   1F87           00009                                 BTFSS           PORTC, 7                ;C1-0000 0000 ?
004E   2???           00010                                 GOTO            CICLO1
                      00011                                 
004F   2???           00012 CICLO2                          CALL            SUBT300MS               ;-------------------------------
                            >NO SE SI CAUSE PROBLEMAS
Message[305]: Using default destination of 1 (file).
0050   0C87           00013                                 RRF             PORTC                   ;RLF            PORTC           
                                    ;0000 0001
0051   1C03           00014                                 BTFSS           STATUS, C               ;C1-0000 0000 ? ESTO ES PARA QUE
                             EL REGISTRO SE QUEDE EN 0s
0052   2???           00015                                 GOTO            CICLO2
0053   2???           00016 CICLO3                          CALL            SUBT300MS
Message[305]: Using default destination of 1 (file).
0054   0D87           00017                                 RLF             PORTC                   ;C0-0000 0001
0055   2???           00018                                 CALL            SUBT300MS
                      00019                                 
0056   3002           00020                                 MOVLW           .2
0057   00A4           00021                                 MOVWF           0X24
MPASM 5.87                     APOYO_P02.ASM   9-25-2023  6:28:01         PAGE  5


LOC  OBJECT CODE     LINE SOURCE TEXT
  VALUE

0058   3000           00022                                 MOVLW           .0
0059   2???           00023                                 CALL            MULTX2
005A   0824           00024 CICLO4                          MOVF            0X24, W
005B   2???           00025                                 CALL            MULTX2
005C   1F87           00026                                 BTFSS           PORTC, 7
005D   2???           00027                                 GOTO            CICLO4
                      00028                                 
005E   0824           00029                                 MOVF            0X24, W         ;0X24=.128
005F   00A5           00030                                 MOVWF           0X25
0060   0287           00031                                 SUBWF           PORTC, F
0061   2???           00032                                 CALL            SUBT300MS
0062   2???           00033 CICLO5                          CALL            DIVX2
0063   1807           00034                                 BTFSC           PORTC, 0
0064   2???           00035                                 GOTO            CICLO5
0065   2???           00036                                 GOTO            LUCES
                      00037                 
Warning[208]: Label truncated at 32 characters. (_________________________LUCES______________________________________________)
0066                  00038 _________________________LUCES______________________________________________
                      00039 SUBT300MS                       SUBT3V          .229, .186, .1          ;299999us           ;------->  P
                            ODRIAMOS MEJORAR LA OPTIMIZACION DEL ESPACIO DE MEMORIA
0066   30E5               M                         MOVLW           .229
0067   00E4               M                         MOVWF           0X64
0068   30BA               M                         MOVLW           .186
0069   00E5               M                         MOVWF           0X65
006A   3001               M                         MOVLW           .1
006B   00E6               M                         MOVWF           0X66
006C   2???               M                         CALL            ST3V
006D   0000           00040                                 NOP                                     ;300000us
006E   0008           00041                                 RETURN
                      00042                 
006F   07A4           00043 MULTX2                          ADDWF           0X24, F
0070   0807           00044                                 MOVF            PORTC, W
0071   0724           00045                                 ADDWF           0X24, W
0072   0087           00046                                 MOVWF           PORTC
0073   2???           00047                                 CALL            SUBT300MS
0074   0008           00048                                 RETURN
                      00049                                                         
0075   0825           00050 DIVX2                           MOVF            0X25, W
0076   00A4           00051                                 MOVWF           0X24
0077   01A5           00052                                 CLRF            0X25
0078   3002           00053                                 MOVLW           .2
0079   02A4           00054 HERE                            SUBWF           0X24, F
007A   1903           00055                                 BTFSC           STATUS, Z
007B   2???           00056                                 GOTO            HERE2
007C   0AA5           00057                                 INCF            0X25, F
007D   2???           00058                                 GOTO            HERE
007E   0AA5           00059 HERE2                           INCF            0X25, F
007F   0825           00060                                 MOVF            0X25, W
0080   0287           00061                                 SUBWF           PORTC, F
0081   2???           00062                                 CALL            SUBT300MS
0082   0008           00063                                 RETURN
                      00064 
0083   0008           00065                                 RETURN
MPASM 5.87                     APOYO_P02.ASM   9-25-2023  6:28:01         PAGE  6


LOC  OBJECT CODE     LINE SOURCE TEXT
  VALUE

                      00066 
                      00067 
                      00060                     INCLUDE <C:\Users\ACER\Documents\1. UPIITA\5° Semestre\Microprocesadores\PRÁCTICAS\P
                            RACTICA02\SUNTIME.INC>
                      00001 ;SUBRUTINA DE TIEMPO DE UNA VARIABLE                
0084   0000           00002 ST1V:           NOP
0085   0000           00003                 NOP             
0086   0000           00004                 NOP
0087   0000           00005                 NOP             
0088   0000           00006                 NOP                             
0089   0BE0           00007                 DECFSZ      0X60,F
008A   2???           00008                 GOTO        ST1V
008B   0008           00009                 RETURN
                      00010 ;***********************************************************************
                      00011 ;SUBRUTINA DE TIEMPO DE DOS VARIABLE                
008C   0862           00012 ST2V:                   MOVF            0X62,W
008D   00E3           00013                         MOVWF           0X63
008E   0000           00014 DECRE2V                 NOP
008F   0000           00015                         NOP
0090   0000           00016                         NOP
0091   0000           00017                         NOP
0092   0000           00018                         NOP
0093   0BE3           00019                         DECFSZ      0X63,F
0094   2???           00020                         GOTO        DECRE2V
0095   0BE1           00021                         DECFSZ          0X61,F
0096   2???           00022                         GOTO            ST2V
0097   0008           00023                         RETURN  
                      00024 ;***********************************************************************                                
                      00025 ;SUBRUTINA DE TIEMPO DE TRES VARIABLES                
0098   0866           00026 ST3V:                   MOVF            0X66,W
0099   00E7           00027                         MOVWF           0X67
009A   0865           00028 RECARGA3V:              MOVF            0X65,W
009B   00E8           00029                         MOVWF           0X68
009C   0000           00030 DECRE3V:                NOP
009D   0000           00031                         NOP
009E   0000           00032                         NOP
009F   0000           00033                         NOP
00A0   0000           00034                         NOP
00A1   0BE8           00035                         DECFSZ      0X68,F
00A2   2???           00036                         GOTO        DECRE3V
00A3   0BE7           00037                         DECFSZ          0X67,F
00A4   2???           00038                         GOTO            RECARGA3V
00A5   0BE4           00039                         DECFSZ          0X64,F
00A6   2???           00040                         GOTO            ST3V
00A7   0008           00041                         RETURN
                      00042 
                      00043 
                      00061                     ;SUBT25MS
23E4 3FFF             00062                     END
MPASM 5.87                     APOYO_P02.ASM   9-25-2023  6:28:01         PAGE  7


SYMBOL TABLE
  LABEL                             VALUE 

ABDEN                             00000000
ABDOVF                            00000007
ACKDT                             00000005
ACKEN                             00000004
ACKSTAT                           00000006
ADCON0                            0000001F
ADCON1                            0000009F
ADCS0                             00000006
ADCS1                             00000007
ADDEN                             00000003
ADFM                              00000007
ADIE                              00000006
ADIF                              00000006
ADON                              00000000
ADRESH                            0000001E
ADRESL                            0000009E
ANS0                              00000000
ANS1                              00000001
ANS10                             00000002
ANS11                             00000003
ANS12                             00000004
ANS13                             00000005
ANS2                              00000002
ANS3                              00000003
ANS4                              00000004
ANS5                              00000005
ANS6                              00000006
ANS7                              00000007
ANS8                              00000000
ANS9                              00000001
ANSEL                             00000188
ANSELH                            00000189
BAUDCTL                           00000187
BCLIE                             00000003
BCLIF                             00000003
BF                                00000000
BRG0                              00000000
BRG1                              00000001
BRG10                             00000002
BRG11                             00000003
BRG12                             00000004
BRG13                             00000005
BRG14                             00000006
BRG15                             00000007
BRG16                             00000003
BRG2                              00000002
BRG3                              00000003
BRG4                              00000004
BRG5                              00000005
BRG6                              00000006
BRG7                              00000007
BRG8                              00000000
BRG9                              00000001
MPASM 5.87                     APOYO_P02.ASM   9-25-2023  6:28:01         PAGE  8


SYMBOL TABLE
  LABEL                             VALUE 

BRGH                              00000002
C                                 00000000
C1CH0                             00000000
C1CH1                             00000001
C1IE                              00000005
C1IF                              00000005
C1OE                              00000005
C1ON                              00000007
C1OUT                             00000006
C1POL                             00000004
C1R                               00000002
C1RSEL                            00000005
C1SEN                             00000005
C2CH0                             00000000
C2CH1                             00000001
C2IE                              00000006
C2IF                              00000006
C2OE                              00000005
C2ON                              00000007
C2OUT                             00000006
C2POL                             00000004
C2R                               00000002
C2REN                             00000004
C2RSEL                            00000004
C2SYNC                            00000000
CCP1CON                           00000017
CCP1IE                            00000002
CCP1IF                            00000002
CCP1M0                            00000000
CCP1M1                            00000001
CCP1M2                            00000002
CCP1M3                            00000003
CCP1X                             00000005
CCP1Y                             00000004
CCP2CON                           0000001D
CCP2IE                            00000000
CCP2IF                            00000000
CCP2M0                            00000000
CCP2M1                            00000001
CCP2M2                            00000002
CCP2M3                            00000003
CCP2X                             00000005
CCP2Y                             00000004
CCPR1                             00000015
CCPR1H                            00000016
CCPR1L                            00000015
CCPR2                             0000001B
CCPR2H                            0000001C
CCPR2L                            0000001B
CHS0                              00000002
CHS1                              00000003
CHS2                              00000004
CHS3                              00000005
MPASM 5.87                     APOYO_P02.ASM   9-25-2023  6:28:01         PAGE  9


SYMBOL TABLE
  LABEL                             VALUE 

CICLO1                            0000004B
CICLO2                            0000004F
CICLO3                            00000053
CICLO4                            0000005A
CICLO5                            00000062
CKE                               00000006
CKP                               00000004
CM1CON0                           00000107
CM2CON0                           00000108
CM2CON1                           00000109
CREN                              00000004
CSRC                              00000007
D                                 00000005
DATA_ADDRESS                      00000005
DATO1                             00000020
DATO2                             00000021
DATO3                             00000022
DC                                00000001
DC1B0                             00000004
DC1B1                             00000005
DC2B0                             00000004
DC2B1                             00000005
DECRE2V                           0000008E
DECRE3V                           0000009C
DIVX2                             00000075
D_A                               00000005
D_NOT_A                           00000005
ECCPAS                            0000009C
ECCPAS0                           00000004
ECCPAS1                           00000005
ECCPAS2                           00000006
ECCPASE                           00000007
EEADR                             0000010D
EEADRH                            0000010F
EECON1                            0000018C
EECON2                            0000018D
EEDAT                             0000010C
EEDATA                            0000010C
EEDATH                            0000010E
EEIE                              00000004
EEIF                              00000004
EEPGD                             00000007
F                                 00000001
FERR                              00000002
FSR                               00000004
FVREN                             00000000
GCEN                              00000007
GIE                               00000007
GO                                00000001
GO_DONE                           00000001
GO_NOT_DONE                       00000001
HERE                              00000079
HERE2                             0000007E
MPASM 5.87                     APOYO_P02.ASM   9-25-2023  6:28:01         PAGE 10


SYMBOL TABLE
  LABEL                             VALUE 

HTS                               00000002
I2C_DATA                          00000005
I2C_READ                          00000002
I2C_START                         00000003
I2C_STOP                          00000004
INDF                              00000000
INTCON                            0000000B
INTE                              00000004
INTEDG                            00000006
INTF                              00000001
IOCB                              00000096
IOCB0                             00000000
IOCB1                             00000001
IOCB2                             00000002
IOCB3                             00000003
IOCB4                             00000004
IOCB5                             00000005
IOCB6                             00000006
IOCB7                             00000007
IRCF0                             00000004
IRCF1                             00000005
IRCF2                             00000006
IRP                               00000007
LTS                               00000001
LUCES                             00000046
LUZ                               00000023
MC1OUT                            00000007
MC2OUT                            00000006
MSK                               00000093
MSK0                              00000000
MSK1                              00000001
MSK2                              00000002
MSK3                              00000003
MSK4                              00000004
MSK5                              00000005
MSK6                              00000006
MSK7                              00000007
MULTX2                            0000006F
NOT_A                             00000005
NOT_ADDRESS                       00000005
NOT_BO                            00000000
NOT_BOR                           00000000
NOT_DONE                          00000001
NOT_PD                            00000003
NOT_POR                           00000001
NOT_RBPU                          00000007
NOT_RC8                           00000006
NOT_T1SYNC                        00000002
NOT_TO                            00000004
NOT_TX8                           00000006
NOT_W                             00000002
NOT_WRITE                         00000002
OERR                              00000001
MPASM 5.87                     APOYO_P02.ASM   9-25-2023  6:28:01         PAGE 11


SYMBOL TABLE
  LABEL                             VALUE 

OPTION_REG                        00000081
OSCCON                            0000008F
OSCTUNE                           00000090
OSFIE                             00000007
OSFIF                             00000007
OSTS                              00000003
P                                 00000004
P1M0                              00000006
P1M1                              00000007
PCL                               00000002
PCLATH                            0000000A
PCON                              0000008E
PDC0                              00000000
PDC1                              00000001
PDC2                              00000002
PDC3                              00000003
PDC4                              00000004
PDC5                              00000005
PDC6                              00000006
PEIE                              00000006
PEN                               00000002
PIE1                              0000008C
PIE2                              0000008D
PIR1                              0000000C
PIR2                              0000000D
PORTA                             00000005
PORTB                             00000006
PORTC                             00000007
PORTD                             00000008
PORTE                             00000009
PR2                               00000092
PRSEN                             00000007
PS0                               00000000
PS1                               00000001
PS2                               00000002
PSA                               00000003
PSSAC0                            00000002
PSSAC1                            00000003
PSSBD0                            00000000
PSSBD1                            00000001
PSTRCON                           0000009D
PULSR                             00000002
PULSS                             00000003
PUSH_ANTIR                        
PWM1CON                           0000009B
P_ANTIR                           00000031
R                                 00000002
RA0                               00000000
RA1                               00000001
RA2                               00000002
RA3                               00000003
RA4                               00000004
RA5                               00000005
MPASM 5.87                     APOYO_P02.ASM   9-25-2023  6:28:01         PAGE 12


SYMBOL TABLE
  LABEL                             VALUE 

RA6                               00000006
RA7                               00000007
RB0                               00000000
RB1                               00000001
RB2                               00000002
RB3                               00000003
RB4                               00000004
RB5                               00000005
RB6                               00000006
RB7                               00000007
RBIE                              00000003
RBIF                              00000000
RC0                               00000000
RC1                               00000001
RC2                               00000002
RC3                               00000003
RC4                               00000004
RC5                               00000005
RC6                               00000006
RC7                               00000007
RC8_9                             00000006
RC9                               00000006
RCD8                              00000000
RCEN                              00000003
RCIDL                             00000006
RCIE                              00000005
RCIF                              00000005
RCREG                             0000001A
RCSTA                             00000018
RD                                00000000
RD0                               00000000
RD1                               00000001
RD2                               00000002
RD3                               00000003
RD4                               00000004
RD5                               00000005
RD6                               00000006
RD7                               00000007
RE0                               00000000
RE1                               00000001
RE2                               00000002
RE3                               00000003
READ_WRITE                        00000002
RECARGA3V                         0000009A
REPITE                            00000021
RP0                               00000005
RP1                               00000006
RSEN                              00000001
RX9                               00000006
RX9D                              00000000
R_NOT_W                           00000002
R_W                               00000002
S                                 00000003
MPASM 5.87                     APOYO_P02.ASM   9-25-2023  6:28:01         PAGE 13


SYMBOL TABLE
  LABEL                             VALUE 

SBOREN                            00000004
SCKP                              00000004
SCS                               00000000
SEN                               00000000
SENDB                             00000003
SERIELUZ                          00000046
SMP                               00000007
SPBRG                             00000099
SPBRGH                            0000009A
SPEN                              00000007
SR0                               00000006
SR1                               00000007
SRCON                             00000185
SREN                              00000005
SSPADD                            00000093
SSPBUF                            00000013
SSPCON                            00000014
SSPCON2                           00000091
SSPEN                             00000005
SSPIE                             00000003
SSPIF                             00000003
SSPM0                             00000000
SSPM1                             00000001
SSPM2                             00000002
SSPM3                             00000003
SSPMSK                            00000093
SSPOV                             00000006
SSPSTAT                           00000094
ST1V                              00000084
ST2V                              0000008C
ST3V                              00000098
STATUS                            00000003
STRA                              00000000
STRB                              00000001
STRC                              00000002
STRD                              00000003
STRSYNC                           00000004
SUBT1V                            
SUBT25MS                          
SUBT2V                            
SUBT300MS                         00000066
SUBT3V                            
SWDTEN                            00000000
SYNC                              00000004
T0CS                              00000005
T0IE                              00000005
T0IF                              00000002
T0SE                              00000004
T1CKPS0                           00000004
T1CKPS1                           00000005
T1CON                             00000010
T1GINV                            00000007
T1GIV                             00000007
MPASM 5.87                     APOYO_P02.ASM   9-25-2023  6:28:01         PAGE 14


SYMBOL TABLE
  LABEL                             VALUE 

T1GSS                             00000001
T1INSYNC                          00000002
T1OSCEN                           00000003
T1SYNC                            00000002
T2CKPS0                           00000000
T2CKPS1                           00000001
T2CON                             00000012
TIEMPOPROF                        00000029
TMR0                              00000001
TMR0IE                            00000005
TMR0IF                            00000002
TMR1                              0000000E
TMR1CS                            00000001
TMR1GE                            00000006
TMR1H                             0000000F
TMR1IE                            00000000
TMR1IF                            00000000
TMR1L                             0000000E
TMR1ON                            00000000
TMR2                              00000011
TMR2IE                            00000001
TMR2IF                            00000001
TMR2ON                            00000002
TOUTPS0                           00000003
TOUTPS1                           00000004
TOUTPS2                           00000005
TOUTPS3                           00000006
TRISA                             00000085
TRISA0                            00000000
TRISA1                            00000001
TRISA2                            00000002
TRISA3                            00000003
TRISA4                            00000004
TRISA5                            00000005
TRISA6                            00000006
TRISA7                            00000007
TRISB                             00000086
TRISB0                            00000000
TRISB1                            00000001
TRISB2                            00000002
TRISB3                            00000003
TRISB4                            00000004
TRISB5                            00000005
TRISB6                            00000006
TRISB7                            00000007
TRISC                             00000087
TRISC0                            00000000
TRISC1                            00000001
TRISC2                            00000002
TRISC3                            00000003
TRISC4                            00000004
TRISC5                            00000005
TRISC6                            00000006
MPASM 5.87                     APOYO_P02.ASM   9-25-2023  6:28:01         PAGE 15


SYMBOL TABLE
  LABEL                             VALUE 

TRISC7                            00000007
TRISD                             00000088
TRISD0                            00000000
TRISD1                            00000001
TRISD2                            00000002
TRISD3                            00000003
TRISD4                            00000004
TRISD5                            00000005
TRISD6                            00000006
TRISD7                            00000007
TRISE                             00000089
TRISE0                            00000000
TRISE1                            00000001
TRISE2                            00000002
TRISE3                            00000003
TRMT                              00000001
TUN0                              00000000
TUN1                              00000001
TUN2                              00000002
TUN3                              00000003
TUN4                              00000004
TX8_9                             00000006
TX9                               00000006
TX9D                              00000000
TXD8                              00000000
TXEN                              00000005
TXIE                              00000004
TXIF                              00000004
TXREG                             00000019
TXSTA                             00000098
UA                                00000001
ULPWUE                            00000005
ULPWUIE                           00000002
ULPWUIF                           00000002
VCFG0                             00000004
VCFG1                             00000005
VR0                               00000000
VR1                               00000001
VR2                               00000002
VR3                               00000003
VRCON                             00000097
VREN                              00000007
VROE                              00000006
VRR                               00000005
VRSS                              00000004
W                                 00000000
WCOL                              00000007
WDTCON                            00000105
WDTPS0                            00000001
WDTPS1                            00000002
WDTPS2                            00000003
WDTPS3                            00000004
WPUB                              00000095
MPASM 5.87                     APOYO_P02.ASM   9-25-2023  6:28:01         PAGE 16


SYMBOL TABLE
  LABEL                             VALUE 

WPUB0                             00000000
WPUB1                             00000001
WPUB2                             00000002
WPUB3                             00000003
WPUB4                             00000004
WPUB5                             00000005
WPUB6                             00000006
WPUB7                             00000007
WR                                00000001
WREN                              00000002
WRERR                             00000003
WUE                               00000001
Z                                 00000002
_.org_0_0032                      00000032
_.org_0_0034                      00000034
_BOR21V                           00003EFF
_BOR40V                           00003FFF
_BOR4V_BOR21V                     00003EFF
_BOR4V_BOR40V                     00003FFF
_BOREN_NSLEEP                     00003EFF
_BOREN_OFF                        00003CFF
_BOREN_ON                         00003FFF
_BOREN_SBODEN                     00003DFF
_BOR_NSLEEP                       00003EFF
_BOR_OFF                          00003CFF
_BOR_ON                           00003FFF
_BOR_SBODEN                       00003DFF
_CONFIG1                          00002007
_CONFIG2                          00002008
_CPD_OFF                          00003FFF
_CPD_ON                           00003F7F
_CP_OFF                           00003FFF
_CP_ON                            00003FBF
_DEBUG_OFF                        00003FFF
_DEBUG_ON                         00001FFF
_DEVID1                           00002006
_EC_OSC                           00003FFB
_EXTRC                            00003FFF
_EXTRCIO                          00003FFE
_EXTRC_OSC_CLKOUT                 00003FFF
_EXTRC_OSC_NOCLKOUT               00003FFE
_FCMEN_OFF                        000037FF
_FCMEN_ON                         00003FFF
_FOSC_EC                          00003FFB
_FOSC_EXTRC_CLKOUT                00003FFF
_FOSC_EXTRC_NOCLKOUT              00003FFE
_FOSC_HS                          00003FFA
_FOSC_INTRC_CLKOUT                00003FFD
_FOSC_INTRC_NOCLKOUT              00003FFC
_FOSC_LP                          00003FF8
_FOSC_XT                          00003FF9
_HS_OSC                           00003FFA
_IDLOC0                           00002000
MPASM 5.87                     APOYO_P02.ASM   9-25-2023  6:28:01         PAGE 17


SYMBOL TABLE
  LABEL                             VALUE 

_IDLOC1                           00002001
_IDLOC2                           00002002
_IDLOC3                           00002003
_IESO_OFF                         00003BFF
_IESO_ON                          00003FFF
_INTOSC                           00003FFD
_INTOSCIO                         00003FFC
_INTRC_OSC_CLKOUT                 00003FFD
_INTRC_OSC_NOCLKOUT               00003FFC
_LP_OSC                           00003FF8
_LVP_OFF                          00002FFF
_LVP_ON                           00003FFF
_MCLRE_OFF                        00003FDF
_MCLRE_ON                         00003FFF
_PWRTE_OFF                        00003FFF
_PWRTE_ON                         00003FEF
_WDTE_OFF                         00003FF7
_WDTE_ON                          00003FFF
_WDT_OFF                          00003FF7
_WDT_ON                           00003FFF
_WRT_1FOURTH                      00003BFF
_WRT_256                          00003DFF
_WRT_HALF                         000039FF
_WRT_OFF                          00003FFF
_XT_OSC                           00003FF9
__16F887                          00000001
_________________________LUCES__  00000066

Errors   :     0
Warnings :     6 reported,     0 suppressed
Messages :     8 reported,     0 suppressed

